Arguments: 
  /Users/monajaved/.nvm/versions/node/v14.11.0/bin/node /Users/monajaved/.nvm/versions/node/v14.11.0/bin/yarn init

PATH: 
  /Users/monajaved/.rvm/gems/ruby-2.6.1/bin:/Users/monajaved/.rvm/gems/ruby-2.6.1@global/bin:/Users/monajaved/.rvm/rubies/ruby-2.6.1/bin:/Users/monajaved/.nvm/versions/node/v14.11.0/bin:/usr/local/bin:/usr/bin:/bin:/usr/sbin:/sbin:/Users/monajaved/.rvm/gems/ruby-2.6.1/bin:/Users/monajaved/.rvm/gems/ruby-2.6.1@global/bin:/Users/monajaved/.rvm/rubies/ruby-2.6.1/bin:/Users/monajaved/.nvm/versions/node/v14.11.0/bin:/Library/Frameworks/Python.framework/Versions/3.8/bin:/Users/monajaved/.rvm/bin

Yarn version: 
  1.22.10

Node version: 
  14.11.0

Platform: 
  darwin x64

Trace: 
  Error: canceled
      at Interface.<anonymous> (/Users/monajaved/.nvm/versions/node/v14.11.0/lib/node_modules/yarn/lib/cli.js:136216:13)
      at Interface.emit (events.js:314:20)
      at Interface._ttyWrite (readline.js:875:16)
      at ReadStream.onkeypress (readline.js:213:10)
      at ReadStream.emit (events.js:314:20)
      at emitKeys (internal/readline/utils.js:335:14)
      at emitKeys.next (<anonymous>)
      at ReadStream.onData (readline.js:1144:36)
      at ReadStream.emit (events.js:314:20)
      at addChunk (_stream_readable.js:307:12)

npm manifest: 
  No manifest

yarn manifest: 
  No manifest

Lockfile: 
  No lockfile
